0 info it worked if it ends with ok
1 verbose cli [ 'node', '/usr/local/bin/npm', 'run', 's' ]
2 info using npm@2.7.5
3 info using node@v0.12.2
4 verbose node symlink /usr/local/bin/node
5 verbose config Skipping project config: /Users/benjaminhoward/.npmrc. (matches userconfig)
6 verbose run-script [ 'pres', 's', 'posts' ]
7 info pres @
8 info s @
9 verbose unsafe-perm in lifecycle true
10 info @ Failed to exec s script
11 verbose stack Error: @ s: `npm run start & npm run watch`
11 verbose stack Exit status 1
11 verbose stack     at EventEmitter.<anonymous> (/usr/local/lib/node_modules/npm/lib/utils/lifecycle.js:213:16)
11 verbose stack     at EventEmitter.emit (events.js:110:17)
11 verbose stack     at ChildProcess.<anonymous> (/usr/local/lib/node_modules/npm/lib/utils/spawn.js:14:12)
11 verbose stack     at ChildProcess.emit (events.js:110:17)
11 verbose stack     at maybeClose (child_process.js:1015:16)
11 verbose stack     at Process.ChildProcess._handle.onexit (child_process.js:1087:5)
12 verbose pkgid @
13 verbose cwd /Users/benjaminhoward/Desktop/Github Projects/portfolio
14 error Darwin 14.1.0
15 error argv "node" "/usr/local/bin/npm" "run" "s"
16 error node v0.12.2
17 error npm  v2.7.5
18 error code ELIFECYCLE
19 error @ s: `npm run start & npm run watch`
19 error Exit status 1
20 error Failed at the @ s script 'npm run start & npm run watch'.
20 error This is most likely a problem with the  package,
20 error not with npm itself.
20 error Tell the author that this fails on your system:
20 error     npm run start & npm run watch
20 error You can get their info via:
20 error     npm owner ls
20 error There is likely additional logging output above.
21 verbose exit [ 1, true ]
